This is LuaTeX, Version 1.07.0 (TeX Live 2018)  (format=lualatex 2018.5.30)  25 AUG 2018 23:34
 restricted system commands enabled.
**abstract.tex
(./abstract.tex
LaTeX2e <2018-04-01> patch level 5
Lua module: luaotfload-main 2017/01/29 2.80001 OpenType layout system.
Lua module: lualibs 2017-02-01 2.5 ConTeXt Lua standard libraries.
Lua module: lualibs-extended 2017-02-01 2.5 ConTeXt Lua libraries -- extended co
llection.(using write cache: /home/yrahul/.texlive2018/texmf-var/luatex-cache/ge
neric)(using read cache: /usr/local/texlive/2018/texmf-var/luatex-cache/generic 
/home/yrahul/.texlive2018/texmf-var/luatex-cache/generic)
luaotfload | conf : Root cache directory is /home/yrahul/.texlive2018/texmf-var/
luatex-cache/generic/names.
luaotfload | init : Loading fontloader “fontloader-2017-02-11.lua” from kpse
-resolved path “/usr/local/texlive/2018/texmf-dist/tex/luatex/luaotfload/fontl
oader-2017-02-11.lua”.
Lua-only attribute luaotfload@state = 1
Lua-only attribute luaotfload@noligature = 2
Lua-only attribute luaotfload@syllabe = 3
luaotfload | init : Context OpenType loader version “3.027”
Inserting `luaotfload.node_processor' at position 1 in `pre_linebreak_filter'.
Inserting `luaotfload.node_processor' at position 1 in `hpack_filter'.
Inserting `luaotfload.define_font' at position 1 in `define_font'.
Lua-only attribute luaotfload_color_attribute = 4
luaotfload | conf : Root cache directory is /home/yrahul/.texlive2018/texmf-var/
luatex-cache/generic/names.
Inserting `luaotfload.aux.set_sscale_dimens' at position 1 in `luaotfload.patch_
font'.
Inserting `luaotfload.aux.patch_cambria_domh' at position 2 in `luaotfload.patch
_font'.
Inserting `luaotfload.aux.fixup_fontdata' at position 1 in `luaotfload.patch_fon
t_unsafe'.
Inserting `luaotfload.aux.set_capheight' at position 3 in `luaotfload.patch_font
'.
Inserting `luaotfload.rewrite_fontname' at position 4 in `luaotfload.patch_font'
.
luaotfload | main : initialization completed in 0.262 seconds
(/usr/local/texlive/2018/texmf-dist/tex/latex/base/article.cls
Document Class: article 2014/09/29 v1.4h Standard LaTeX document class
(/usr/local/texlive/2018/texmf-dist/tex/latex/base/size12.clo
File: size12.clo 2014/09/29 v1.4h Standard LaTeX file (size option)
luaotfload | db : Font names database loaded from /home/yrahul/.texlive2018/texm
f-var/luatex-cache/generic/names/luaotfload-names.luc(load luc: /home/yrahul/.te
xlive2018/texmf-var/luatex-cache/generic/fonts/otl/lmroman12-regular.luc))
\c@part=\count80
\c@section=\count81
\c@subsection=\count82
\c@subsubsection=\count83
\c@paragraph=\count84
\c@subparagraph=\count85
\c@figure=\count86
\c@table=\count87
\abovecaptionskip=\skip41
\belowcaptionskip=\skip42
\bibindent=\dimen102
) (/usr/local/texlive/2018/texmf-dist/tex/latex/base/inputenc.sty
Package: inputenc 2018/04/06 v1.3b Input encoding file
\inpenc@prehook=\toks14
\inpenc@posthook=\toks15


Package inputenc Warning: inputenc package ignored with utf8 based engines.

) (./abstract.aux)
\openout1 = abstract.aux

LaTeX Font Info:    Checking defaults for OML/cmm/m/it on input line 6.
LaTeX Font Info:    ... okay on input line 6.
LaTeX Font Info:    Checking defaults for T1/cmr/m/n on input line 6.
LaTeX Font Info:    ... okay on input line 6.
LaTeX Font Info:    Checking defaults for OT1/cmr/m/n on input line 6.
LaTeX Font Info:    ... okay on input line 6.
LaTeX Font Info:    Checking defaults for OMS/cmsy/m/n on input line 6.
LaTeX Font Info:    ... okay on input line 6.
LaTeX Font Info:    Checking defaults for TU/lmr/m/n on input line 6.
LaTeX Font Info:    ... okay on input line 6.
LaTeX Font Info:    Checking defaults for OMX/cmex/m/n on input line 6.
LaTeX Font Info:    ... okay on input line 6.
LaTeX Font Info:    Checking defaults for U/cmr/m/n on input line 6.
LaTeX Font Info:    ... okay on input line 6.
(load luc: /home/yrahul/.texlive2018/texmf-var/luatex-cache/generic/fonts/otl/lm
roman17-regular.luc)
LaTeX Font Info:    External font `cmex10' loaded for size
(Font)              <14.4> on input line 7.
LaTeX Font Info:    External font `cmex10' loaded for size
(Font)              <7> on input line 7.

Overfull \hbox (31.42076pt too wide) in paragraph at lines 7--7
 [][] 
 []

(load luc: /home/yrahul/.texlive2018/texmf-var/luatex-cache/generic/fonts/otl/lm
roman10-regular.luc)(load luc: /home/yrahul/.texlive2018/texmf-var/luatex-cache/
generic/fonts/otl/lmroman10-bold.luc)(load luc: /home/yrahul/.texlive2018/texmf-
var/luatex-cache/generic/fonts/otl/lmroman12-bold.luc)
Overfull \hbox (0.60426pt too wide) in paragraph at lines 11--12
\TU/lmr/bx/n/12 Key-words: \TU/lmr/m/n/12 ma-chine learn-ing; deep learn-ing; n
eu-ral net-works; im-age restora-
 []

[1

{/usr/local/texlive/2018/texmf-var/fonts/map/pdftex/updmap/pdftex.map}]
(./abstract.aux))

Here is how much of LuaTeX's memory you used:
 269 strings out of 494413
 100000,89155 words of node,token memory allocated
 355 words of node memory still in use:
   2 hlist, 1 vlist, 1 rule, 2 glue, 3 attribute, 45 glue_spec, 3 attribute_list
, 1 write nodes
   avail lists: 1:1,2:85,3:20,4:12,5:56,6:5,7:900,8:3,9:30,10:8,11:75
 4509 multiletter control sequences out of 65536+600000
 30 fonts using 2003207 bytes
 22i,6n,20p,531b,195s stack positions out of 5000i,500n,10000p,200000b,100000s
</usr/share/texlive/texmf-dist/fonts/opentype/public/lm/lmroman12-bold.otf></usr
/share/texlive/texmf-dist/fonts/opentype/public/lm/lmroman10-regular.otf></usr/s
hare/texlive/texmf-dist/fonts/opentype/public/lm/lmroman10-bold.otf></usr/share/
texlive/texmf-dist/fonts/opentype/public/lm/lmroman12-regular.otf></usr/share/te
xlive/texmf-dist/fonts/opentype/public/lm/lmroman17-regular.otf>
Output written on abstract.pdf (1 page, 18970 bytes).

PDF statistics: 43 PDF objects out of 1000 (max. 8388607)
 24 compressed objects within 1 object stream
 0 named destinations out of 1000 (max. 131072)
 1 words of extra memory for PDF output out of 10000 (max. 100000000)

